<?xml version="1.0" encoding="UTF-8"?>
<testng-results ignored="0" total="2" passed="2" failed="0" skipped="0">
  <reporter-output>
  </reporter-output>
  <suite started-at="2022-08-22T16:17:52 IST" name="Default suite" finished-at="2022-08-22T16:18:20 IST" duration-ms="27573">
    <groups>
    </groups>
    <test started-at="2022-08-22T16:17:52 IST" name="Default test" finished-at="2022-08-22T16:18:20 IST" duration-ms="27573">
      <class name="com.admin.testcases.DataDriverTest">
        <test-method is-config="true" signature="setup()[pri:0, instance:com.admin.testcases.DataDriverTest@7526515b]" started-at="2022-08-22T16:17:52 IST" name="setup" finished-at="2022-08-22T16:18:00 IST" duration-ms="7653" status="PASS">
          <reporter-output>
          </reporter-output>
        </test-method> <!-- setup -->
        <test-method signature="logitest(java.lang.String,java.lang.String,java.lang.String)[pri:0, instance:com.admin.testcases.DataDriverTest@7526515b]" started-at="2022-08-22T16:18:03 IST" name="logitest" data-provider="LoginData" finished-at="2022-08-22T16:18:16 IST" duration-ms="13142" status="PASS">
          <params>
            <param index="0">
              <value>
                <![CDATA[john.dave@gmail.com]]>
              </value>
            </param>
            <param index="1">
              <value>
                <![CDATA[test@1234]]>
              </value>
            </param>
            <param index="2">
              <value>
                <![CDATA[Valid]]>
              </value>
            </param>
          </params>
          <reporter-output>
          </reporter-output>
        </test-method> <!-- logitest -->
        <test-method signature="logitest(java.lang.String,java.lang.String,java.lang.String)[pri:0, instance:com.admin.testcases.DataDriverTest@7526515b]" started-at="2022-08-22T16:18:16 IST" name="logitest" data-provider="LoginData" finished-at="2022-08-22T16:18:19 IST" duration-ms="2902" status="PASS">
          <params>
            <param index="0">
              <value>
                <![CDATA[snehal.nayak@paymentz.com]]>
              </value>
            </param>
            <param index="1">
              <value>
                <![CDATA[test@1234]]>
              </value>
            </param>
            <param index="2">
              <value>
                <![CDATA[Invalid ]]>
              </value>
            </param>
          </params>
          <reporter-output>
          </reporter-output>
        </test-method> <!-- logitest -->
        <test-method is-config="true" signature="tearDown()[pri:0, instance:com.admin.testcases.DataDriverTest@7526515b]" started-at="2022-08-22T16:18:19 IST" name="tearDown" finished-at="2022-08-22T16:18:20 IST" duration-ms="749" status="PASS">
          <reporter-output>
          </reporter-output>
        </test-method> <!-- tearDown -->
      </class> <!-- com.admin.testcases.DataDriverTest -->
    </test> <!-- Default test -->
  </suite> <!-- Default suite -->
</testng-results>
